An error occurred in script '/data/data/com.termux/files/home/userRegistration/includes/config.inc.php' on line 28: require(/data/data/com.termux/files/home/userRegistration/includes/mysqli_connect.php): Failed to open stream: No such file or directory
An error occurred in script '/data/data/com.termux/files/home/userRegistration/includes/config.inc.php' on line 28: require(/data/data/com.termux/files/home/userRegistration/includes/mysqli_connect.php): Failed to open stream: No such file or directory
An error occurred in script '/data/data/com.termux/files/home/userRegistration/includes/config.inc.php' on line 28: require(/data/data/com.termux/files/home/userRegistration/includes/mysqli_connect.php): Failed to open stream: No such file or directory
An error occurred in script '/data/data/com.termux/files/home/userRegistration/includes/config.inc.php' on line 28: require(/data/data/com.termux/files/home/userRegistration/includes/mysqli_connect.php): Failed to open stream: No such file or directory
An error occurred in script '/data/data/com.termux/files/home/userRegistration/includes/config.inc.php' on line 28: require(/data/data/com.termux/files/home/userRegistration/includes/mysqli_connect.php): Failed to open stream: No such file or directory
An error occurred in script '/data/data/com.termux/files/home/userRegistration/includes/config.inc.php' on line 28: require(/data/data/com.termux/files/home/userRegistration/includes/mysqli_connect.php): Failed to open stream: No such file or directory
An error occurred in script '/data/data/com.termux/files/home/userRegistration/includes/config.inc.php' on line 28: require(/data/data/com.termux/files/home/userRegistration/includes/mysqli_connect.php): Failed to open stream: No such file or directory
An error occurred in script '/data/data/com.termux/files/home/userRegistration/includes/config.inc.php' on line 28: require(/data/data/com.termux/files/home/userRegistration/includes/mysqli_connect.php): Failed to open stream: No such file or directory
An error occurred in script '/data/data/com.termux/files/home/userRegistration/includes/config.inc.php' on line 28: require(/data/data/com.termux/files/home/userRegistration/includes/mysqli_connect.php): Failed to open stream: No such file or directory
An error occurred in script '/data/data/com.termux/files/home/userRegistration/includes/config.inc.php' on line 28: require(/data/data/com.termux/files/home/userRegistration/includes/mysqli_connect.php): Failed to open stream: No such file or directory
An error occurred in script '/data/data/com.termux/files/home/userRegistration/includes/config.inc.php' on line 28: require(/data/data/com.termux/files/home/userRegistration/includes/mysqli_connect.php): Failed to open stream: No such file or directory
An error occurred in script '/data/data/com.termux/files/home/userRegistration/includes/config.inc.php' on line 28: require(/data/data/com.termux/files/home/userRegistration/includes/mysqli_connect.php): Failed to open stream: No such file or directory
An error occurred in script '/data/data/com.termux/files/home/userRegistration/includes/config.inc.php' on line 28: require(/data/data/com.termux/files/home/userRegistration/includes/mysqli_connect.php): Failed to open stream: No such file or directory
An error occurred in script '/data/data/com.termux/files/home/userRegistration/includes/config.inc.php' on line 28: require(/data/data/com.termux/files/home/userRegistration/includes/mysqli_connect.php): Failed to open stream: No such file or directory
An error occurred in script '/data/data/com.termux/files/home/userRegistration/includes/config.inc.php' on line 28: require(/data/data/com.termux/files/home/userRegistration/includes/mysqli_connect.php): Failed to open stream: No such file or directory
An error occurred in script '/data/data/com.termux/files/home/userRegistration/includes/config.inc.php' on line 28: require(/data/data/com.termux/files/home/userRegistration/includes/mysqli_connect.php): Failed to open stream: No such file or directory
An error occurred in script '/data/data/com.termux/files/home/userRegistration/includes/config.inc.php' on line 28: require(/data/data/com.termux/files/home/userRegistration/includes/mysqli_connect.php): Failed to open stream: No such file or directory
An error occurred in script '/data/data/com.termux/files/home/userRegistration/includes/config.inc.php' on line 28: require(/data/data/com.termux/files/home/userRegistration/includes/mysqli_connect.php): Failed to open stream: No such file or directory
An error occurred in script '/data/data/com.termux/files/home/userRegistration/includes/config.inc.php' on line 28: require(/data/data/com.termux/files/home/userRegistration/includes/mysqli_connect.php): Failed to open stream: No such file or directory
An error occurred in script '/data/data/com.termux/files/home/userRegistration/includes/config.inc.php' on line 28: require(/data/data/com.termux/files/home/userRegistration/includes/mysqli_connect.php): Failed to open stream: No such file or directory
An error occurred in script '/data/data/com.termux/files/home/userRegistration/includes/config.inc.php' on line 28: require(/data/data/com.termux/files/home/userRegistration/includes/mysqli_connect.php): Failed to open stream: No such file or directory
An error occurred in script '/data/data/com.termux/files/home/userRegistration/includes/config.inc.php' on line 28: require(/data/data/com.termux/files/home/userRegistration/includes/mysqli_connect.php): Failed to open stream: No such file or directory
An error occurred in script '/data/data/com.termux/files/home/userRegistration/includes/config.inc.php' on line 28: require(/data/data/com.termux/files/home/userRegistration/includes/mysqli_connect.php): Failed to open stream: No such file or directory
An error occurred in script '/data/data/com.termux/files/home/userRegistration/includes/config.inc.php' on line 28: require(/data/data/com.termux/files/home/userRegistration/includes/mysqli_connect.php): Failed to open stream: No such file or directory
An error occurred in script '/data/data/com.termux/files/home/userRegistration/includes/config.inc.php' on line 28: require(/data/data/com.termux/files/home/userRegistration/includes/mysqli_connect.php): Failed to open stream: No such file or directory
An error occurred in script '/data/data/com.termux/files/home/userRegistration/includes/config.inc.php' on line 28: require(/data/data/com.termux/files/home/userRegistration/includes/mysqli_connect.php): Failed to open stream: No such file or directory
An error occurred in script '/data/data/com.termux/files/home/userRegistration/includes/config.inc.php' on line 28: require(/data/data/com.termux/files/home/userRegistration/includes/mysqli_connect.php): Failed to open stream: No such file or directory
An error occurred in script '/data/data/com.termux/files/home/userRegistration/includes/config.inc.php' on line 28: require(/data/data/com.termux/files/home/userRegistration/includes/mysqli_connect.php): Failed to open stream: No such file or directory
An error occurred in script '/data/data/com.termux/files/home/userRegistration/includes/config.inc.php' on line 28: require(/data/data/com.termux/files/home/userRegistration/includes/mysqli_connect.php): Failed to open stream: No such file or directory
An error occurred in script '/data/data/com.termux/files/home/userRegistration/includes/config.inc.php' on line 28: require(/data/data/com.termux/files/home/userRegistration/includes/mysqli_connect.php): Failed to open stream: No such file or directory
An error occurred in script '/data/data/com.termux/files/home/userRegistration/includes/config.inc.php' on line 28: require(/data/data/com.termux/files/home/userRegistration/includes/mysqli_connect.php): Failed to open stream: No such file or directory
An error occurred in script '/data/data/com.termux/files/home/userRegistration/includes/config.inc.php' on line 28: require(/data/data/com.termux/files/home/userRegistration/includes/mysqli_connect.php): Failed to open stream: No such file or directory
An error occurred in script '/data/data/com.termux/files/home/userRegistration/includes/config.inc.php' on line 28: require(/data/data/com.termux/files/home/userRegistration/includes/mysqli_connect.php): Failed to open stream: No such file or directory
An error occurred in script '/data/data/com.termux/files/home/userRegistration/includes/config.inc.php' on line 28: require(/data/data/com.termux/files/home/userRegistration/includes/mysqli_connect.php): Failed to open stream: No such file or directory
An error occurred in script '/data/data/com.termux/files/home/userRegistration/includes/config.inc.php' on line 28: require(/data/data/com.termux/files/home/userRegistration/includes/mysqli_connect.php): Failed to open stream: No such file or directory
An error occurred in script '/data/data/com.termux/files/home/userRegistration/includes/mysqli_connect.php' on line 5: Constant DB_USER already defined, this will be an error in PHP 9
An error occurred in script '/data/data/com.termux/files/home/userRegistration/includes/mysqli_connect.php' on line 7: Constant DB_HOST already defined, this will be an error in PHP 9
An error occurred in script '/data/data/com.termux/files/home/userRegistration/includes/mysqli_connect.php' on line 8: Constant DB_NAME already defined, this will be an error in PHP 9
An error occurred in script '/data/data/com.termux/files/home/userRegistration/includes/mysqli_connect.php' on line 5: Constant DB_USER already defined, this will be an error in PHP 9
An error occurred in script '/data/data/com.termux/files/home/userRegistration/includes/mysqli_connect.php' on line 7: Constant DB_HOST already defined, this will be an error in PHP 9
An error occurred in script '/data/data/com.termux/files/home/userRegistration/includes/mysqli_connect.php' on line 8: Constant DB_NAME already defined, this will be an error in PHP 9
An error occurred in script '/data/data/com.termux/files/home/userRegistration/includes/header.html' on line 9: session_start(): Session cannot be started after headers have already been sent (sent from /data/data/com.termux/files/home/userRegistration/includes/config.inc.php on line 30)
An error occurred in script '/data/data/com.termux/files/home/userRegistration/includes/header.html' on line 9: session_start(): Session cannot be started after headers have already been sent (sent from /data/data/com.termux/files/home/userRegistration/includes/config.inc.php on line 30)
An error occurred in script '/data/data/com.termux/files/home/userRegistration/includes/header.html' on line 9: session_start(): Session cannot be started after headers have already been sent (sent from /data/data/com.termux/files/home/userRegistration/includes/config.inc.php on line 30)
An error occurred in script '/data/data/com.termux/files/home/userRegistration/includes/header.html' on line 9: session_start(): Session cannot be started after headers have already been sent (sent from /data/data/com.termux/files/home/userRegistration/includes/config.inc.php on line 30)
An error occurred in script '/data/data/com.termux/files/home/userRegistration/includes/header.html' on line 9: session_start(): Session cannot be started after headers have already been sent (sent from /data/data/com.termux/files/home/userRegistration/includes/config.inc.php on line 30)
An error occurred in script '/data/data/com.termux/files/home/userRegistration/includes/header.html' on line 9: session_start(): Session cannot be started after headers have already been sent (sent from /data/data/com.termux/files/home/userRegistration/includes/config.inc.php on line 30)
An error occurred in script '/data/data/com.termux/files/home/userRegistration/includes/header.html' on line 9: session_start(): Session cannot be started after headers have already been sent (sent from /data/data/com.termux/files/home/userRegistration/includes/config.inc.php on line 30)
An error occurred in script '/data/data/com.termux/files/home/userRegistration/includes/header.html' on line 9: session_start(): Session cannot be started after headers have already been sent (sent from /data/data/com.termux/files/home/userRegistration/includes/config.inc.php on line 30)
An error occurred in script '/data/data/com.termux/files/home/userRegistration/includes/header.html' on line 9: session_start(): Session cannot be started after headers have already been sent (sent from /data/data/com.termux/files/home/userRegistration/includes/config.inc.php on line 30)
An error occurred in script '/data/data/com.termux/files/home/userRegistration/includes/header.html' on line 9: session_start(): Session cannot be started after headers have already been sent (sent from /data/data/com.termux/files/home/userRegistration/includes/config.inc.php on line 30)
An error occurred in script '/data/data/com.termux/files/home/userRegistration/includes/header.html' on line 9: session_start(): Session cannot be started after headers have already been sent (sent from /data/data/com.termux/files/home/userRegistration/includes/config.inc.php on line 30)
An error occurred in script '/data/data/com.termux/files/home/userRegistration/includes/header.html' on line 9: session_start(): Session cannot be started after headers have already been sent (sent from /data/data/com.termux/files/home/userRegistration/includes/config.inc.php on line 30)
An error occurred in script '/data/data/com.termux/files/home/userRegistration/includes/header.html' on line 9: session_start(): Session cannot be started after headers have already been sent (sent from /data/data/com.termux/files/home/userRegistration/includes/config.inc.php on line 30)
An error occurred in script '/data/data/com.termux/files/home/userRegistration/includes/header.html' on line 9: session_start(): Session cannot be started after headers have already been sent (sent from /data/data/com.termux/files/home/userRegistration/includes/config.inc.php on line 30)
An error occurred in script '/data/data/com.termux/files/home/userRegistration/includes/header.html' on line 9: session_start(): Session cannot be started after headers have already been sent (sent from /data/data/com.termux/files/home/userRegistration/includes/config.inc.php on line 30)
An error occurred in script '/data/data/com.termux/files/home/userRegistration/includes/header.html' on line 9: session_start(): Session cannot be started after headers have already been sent (sent from /data/data/com.termux/files/home/userRegistration/includes/config.inc.php on line 30)
An error occurred in script '/data/data/com.termux/files/home/userRegistration/includes/header.html' on line 9: session_start(): Session cannot be started after headers have already been sent (sent from /data/data/com.termux/files/home/userRegistration/includes/config.inc.php on line 30)
An error occurred in script '/data/data/com.termux/files/home/userRegistration/includes/header.html' on line 9: session_start(): Session cannot be started after headers have already been sent (sent from /data/data/com.termux/files/home/userRegistration/includes/config.inc.php on line 30)
An error occurred in script '/data/data/com.termux/files/home/userRegistration/includes/header.html' on line 9: session_start(): Session cannot be started after headers have already been sent (sent from /data/data/com.termux/files/home/userRegistration/includes/config.inc.php on line 30)
An error occurred in script '/data/data/com.termux/files/home/userRegistration/includes/header.html' on line 9: session_start(): Session cannot be started after headers have already been sent (sent from /data/data/com.termux/files/home/userRegistration/includes/config.inc.php on line 30)
An error occurred in script '/data/data/com.termux/files/home/userRegistration/includes/header.html' on line 9: session_start(): Session cannot be started after headers have already been sent (sent from /data/data/com.termux/files/home/userRegistration/includes/config.inc.php on line 30)
An error occurred in script '/data/data/com.termux/files/home/userRegistration/includes/header.html' on line 9: session_start(): Session cannot be started after headers have already been sent (sent from /data/data/com.termux/files/home/userRegistration/includes/config.inc.php on line 30)
An error occurred in script '/data/data/com.termux/files/home/userRegistration/includes/header.html' on line 9: session_start(): Session cannot be started after headers have already been sent (sent from /data/data/com.termux/files/home/userRegistration/includes/config.inc.php on line 30)
An error occurred in script '/data/data/com.termux/files/home/userRegistration/includes/header.html' on line 9: session_start(): Session cannot be started after headers have already been sent (sent from /data/data/com.termux/files/home/userRegistration/includes/config.inc.php on line 30)
An error occurred in script '/data/data/com.termux/files/home/userRegistration/includes/header.html' on line 9: session_start(): Session cannot be started after headers have already been sent (sent from /data/data/com.termux/files/home/userRegistration/includes/config.inc.php on line 30)
An error occurred in script '/data/data/com.termux/files/home/userRegistration/includes/header.html' on line 9: session_start(): Session cannot be started after headers have already been sent (sent from /data/data/com.termux/files/home/userRegistration/includes/config.inc.php on line 30)
An error occurred in script '/data/data/com.termux/files/home/userRegistration/includes/header.html' on line 9: session_start(): Session cannot be started after headers have already been sent (sent from /data/data/com.termux/files/home/userRegistration/includes/config.inc.php on line 30)
An error occurred in script '/data/data/com.termux/files/home/userRegistration/includes/header.html' on line 9: session_start(): Session cannot be started after headers have already been sent (sent from /data/data/com.termux/files/home/userRegistration/includes/config.inc.php on line 30)
An error occurred in script '/data/data/com.termux/files/home/userRegistration/includes/header.html' on line 9: session_start(): Session cannot be started after headers have already been sent (sent from /data/data/com.termux/files/home/userRegistration/includes/config.inc.php on line 30)
An error occurred in script '/data/data/com.termux/files/home/userRegistration/includes/header.html' on line 9: session_start(): Session cannot be started after headers have already been sent (sent from /data/data/com.termux/files/home/userRegistration/includes/config.inc.php on line 30)
An error occurred in script '/data/data/com.termux/files/home/userRegistration/includes/header.html' on line 9: session_start(): Session cannot be started after headers have already been sent (sent from /data/data/com.termux/files/home/userRegistration/includes/config.inc.php on line 30)
An error occurred in script '/data/data/com.termux/files/home/userRegistration/includes/header.html' on line 9: session_start(): Session cannot be started after headers have already been sent (sent from /data/data/com.termux/files/home/userRegistration/includes/config.inc.php on line 30)
An error occurred in script '/data/data/com.termux/files/home/userRegistration/includes/header.html' on line 9: session_start(): Session cannot be started after headers have already been sent (sent from /data/data/com.termux/files/home/userRegistration/includes/config.inc.php on line 30)
An error occurred in script '/data/data/com.termux/files/home/userRegistration/includes/header.html' on line 9: session_start(): Session cannot be started after headers have already been sent (sent from /data/data/com.termux/files/home/userRegistration/includes/config.inc.php on line 30)
An error occurred in script '/data/data/com.termux/files/home/userRegistration/includes/header.html' on line 9: session_start(): Session cannot be started after headers have already been sent (sent from /data/data/com.termux/files/home/userRegistration/includes/config.inc.php on line 30)
An error occurred in script '/data/data/com.termux/files/home/userRegistration/includes/header.html' on line 9: session_start(): Session cannot be started after headers have already been sent (sent from /data/data/com.termux/files/home/userRegistration/includes/config.inc.php on line 30)
An error occurred in script '/data/data/com.termux/files/home/userRegistration/includes/header.html' on line 9: session_start(): Session cannot be started after headers have already been sent (sent from /data/data/com.termux/files/home/userRegistration/includes/config.inc.php on line 30)
An error occurred in script '/data/data/com.termux/files/home/userRegistration/includes/header.html' on line 9: session_start(): Session cannot be started after headers have already been sent (sent from /data/data/com.termux/files/home/userRegistration/includes/config.inc.php on line 30)
An error occurred in script '/data/data/com.termux/files/home/userRegistration/includes/header.html' on line 9: session_start(): Session cannot be started after headers have already been sent (sent from /data/data/com.termux/files/home/userRegistration/includes/config.inc.php on line 30)
An error occurred in script '/data/data/com.termux/files/home/userRegistration/includes/header.html' on line 9: session_start(): Session cannot be started after headers have already been sent (sent from /data/data/com.termux/files/home/userRegistration/includes/config.inc.php on line 30)
An error occurred in script '/data/data/com.termux/files/home/userRegistration/includes/header.html' on line 9: session_start(): Session cannot be started after headers have already been sent (sent from /data/data/com.termux/files/home/userRegistration/includes/config.inc.php on line 30)
An error occurred in script '/data/data/com.termux/files/home/userRegistration/includes/header.html' on line 9: session_start(): Session cannot be started after headers have already been sent (sent from /data/data/com.termux/files/home/userRegistration/includes/config.inc.php on line 30)
An error occurred in script '/data/data/com.termux/files/home/userRegistration/includes/header.html' on line 9: session_start(): Session cannot be started after headers have already been sent (sent from /data/data/com.termux/files/home/userRegistration/includes/config.inc.php on line 30)
An error occurred in script '/data/data/com.termux/files/home/userRegistration/includes/header.html' on line 9: session_start(): Session cannot be started after headers have already been sent (sent from /data/data/com.termux/files/home/userRegistration/includes/config.inc.php on line 30)
An error occurred in script '/data/data/com.termux/files/home/userRegistration/includes/header.html' on line 9: session_start(): Session cannot be started after headers have already been sent (sent from /data/data/com.termux/files/home/userRegistration/includes/config.inc.php on line 30)
An error occurred in script '/data/data/com.termux/files/home/userRegistration/includes/header.html' on line 9: session_start(): Session cannot be started after headers have already been sent (sent from /data/data/com.termux/files/home/userRegistration/includes/config.inc.php on line 30)
An error occurred in script '/data/data/com.termux/files/home/userRegistration/includes/header.html' on line 9: session_start(): Session cannot be started after headers have already been sent (sent from /data/data/com.termux/files/home/userRegistration/includes/config.inc.php on line 30)
An error occurred in script '/data/data/com.termux/files/home/userRegistration/includes/header.html' on line 9: session_start(): Session cannot be started after headers have already been sent (sent from /data/data/com.termux/files/home/userRegistration/includes/config.inc.php on line 30)
An error occurred in script '/data/data/com.termux/files/home/userRegistration/includes/header.html' on line 9: session_start(): Session cannot be started after headers have already been sent (sent from /data/data/com.termux/files/home/userRegistration/includes/config.inc.php on line 30)
An error occurred in script '/data/data/com.termux/files/home/userRegistration/includes/header.html' on line 9: session_start(): Session cannot be started after headers have already been sent (sent from /data/data/com.termux/files/home/userRegistration/includes/config.inc.php on line 30)
An error occurred in script '/data/data/com.termux/files/home/userRegistration/includes/header.html' on line 9: session_start(): Session cannot be started after headers have already been sent (sent from /data/data/com.termux/files/home/userRegistration/includes/config.inc.php on line 30)
An error occurred in script '/data/data/com.termux/files/home/userRegistration/includes/header.html' on line 9: session_start(): Session cannot be started after headers have already been sent (sent from /data/data/com.termux/files/home/userRegistration/includes/config.inc.php on line 30)
An error occurred in script '/data/data/com.termux/files/home/userRegistration/includes/header.html' on line 9: session_start(): Session cannot be started after headers have already been sent (sent from /data/data/com.termux/files/home/userRegistration/includes/config.inc.php on line 30)
An error occurred in script '/data/data/com.termux/files/home/userRegistration/includes/header.html' on line 9: session_start(): Session cannot be started after headers have already been sent (sent from /data/data/com.termux/files/home/userRegistration/includes/config.inc.php on line 30)
An error occurred in script '/data/data/com.termux/files/home/userRegistration/includes/header.html' on line 9: session_start(): Session cannot be started after headers have already been sent (sent from /data/data/com.termux/files/home/userRegistration/includes/config.inc.php on line 30)
An error occurred in script '/data/data/com.termux/files/home/userRegistration/includes/header.html' on line 9: session_start(): Session cannot be started after headers have already been sent (sent from /data/data/com.termux/files/home/userRegistration/includes/config.inc.php on line 30)
An error occurred in script '/data/data/com.termux/files/home/userRegistration/includes/header.html' on line 9: session_start(): Session cannot be started after headers have already been sent (sent from /data/data/com.termux/files/home/userRegistration/includes/config.inc.php on line 30)
An error occurred in script '/data/data/com.termux/files/home/userRegistration/includes/header.html' on line 9: session_start(): Session cannot be started after headers have already been sent (sent from /data/data/com.termux/files/home/userRegistration/includes/config.inc.php on line 30)
An error occurred in script '/data/data/com.termux/files/home/userRegistration/includes/header.html' on line 9: session_start(): Session cannot be started after headers have already been sent (sent from /data/data/com.termux/files/home/userRegistration/includes/config.inc.php on line 30)
An error occurred in script '/data/data/com.termux/files/home/userRegistration/includes/header.html' on line 9: session_start(): Session cannot be started after headers have already been sent (sent from /data/data/com.termux/files/home/userRegistration/includes/config.inc.php on line 30)
An error occurred in script '/data/data/com.termux/files/home/userRegistration/includes/header.html' on line 9: session_start(): Session cannot be started after headers have already been sent (sent from /data/data/com.termux/files/home/userRegistration/includes/config.inc.php on line 30)
An error occurred in script '/data/data/com.termux/files/home/userRegistration/includes/header.html' on line 9: session_start(): Session cannot be started after headers have already been sent (sent from /data/data/com.termux/files/home/userRegistration/includes/config.inc.php on line 30)
An error occurred in script '/data/data/com.termux/files/home/userRegistration/includes/header.html' on line 9: session_start(): Session cannot be started after headers have already been sent (sent from /data/data/com.termux/files/home/userRegistration/includes/config.inc.php on line 30)
An error occurred in script '/data/data/com.termux/files/home/userRegistration/includes/header.html' on line 9: session_start(): Session cannot be started after headers have already been sent (sent from /data/data/com.termux/files/home/userRegistration/includes/config.inc.php on line 30)
An error occurred in script '/data/data/com.termux/files/home/userRegistration/includes/header.html' on line 9: session_start(): Session cannot be started after headers have already been sent (sent from /data/data/com.termux/files/home/userRegistration/includes/config.inc.php on line 30)
An error occurred in script '/data/data/com.termux/files/home/userRegistration/includes/header.html' on line 9: session_start(): Session cannot be started after headers have already been sent (sent from /data/data/com.termux/files/home/userRegistration/includes/config.inc.php on line 30)
An error occurred in script '/data/data/com.termux/files/home/userRegistration/includes/header.html' on line 9: session_start(): Session cannot be started after headers have already been sent (sent from /data/data/com.termux/files/home/userRegistration/includes/config.inc.php on line 30)
An error occurred in script '/data/data/com.termux/files/home/userRegistration/includes/header.html' on line 9: session_start(): Session cannot be started after headers have already been sent (sent from /data/data/com.termux/files/home/userRegistration/includes/config.inc.php on line 30)
An error occurred in script '/data/data/com.termux/files/home/userRegistration/includes/header.html' on line 9: session_start(): Session cannot be started after headers have already been sent (sent from /data/data/com.termux/files/home/userRegistration/includes/config.inc.php on line 30)
An error occurred in script '/data/data/com.termux/files/home/userRegistration/includes/header.html' on line 9: session_start(): Session cannot be started after headers have already been sent (sent from /data/data/com.termux/files/home/userRegistration/includes/config.inc.php on line 30)
An error occurred in script '/data/data/com.termux/files/home/userRegistration/includes/header.html' on line 9: session_start(): Session cannot be started after headers have already been sent (sent from /data/data/com.termux/files/home/userRegistration/includes/config.inc.php on line 30)
An error occurred in script '/data/data/com.termux/files/home/userRegistration/includes/header.html' on line 9: session_start(): Session cannot be started after headers have already been sent (sent from /data/data/com.termux/files/home/userRegistration/includes/config.inc.php on line 30)
An error occurred in script '/data/data/com.termux/files/home/userRegistration/includes/header.html' on line 9: session_start(): Session cannot be started after headers have already been sent (sent from /data/data/com.termux/files/home/userRegistration/includes/config.inc.php on line 30)
An error occurred in script '/data/data/com.termux/files/home/userRegistration/includes/header.html' on line 9: session_start(): Session cannot be started after headers have already been sent (sent from /data/data/com.termux/files/home/userRegistration/includes/config.inc.php on line 30)
An error occurred in script '/data/data/com.termux/files/home/userRegistration/includes/header.html' on line 9: session_start(): Session cannot be started after headers have already been sent (sent from /data/data/com.termux/files/home/userRegistration/includes/config.inc.php on line 30)
An error occurred in script '/data/data/com.termux/files/home/userRegistration/includes/header.html' on line 9: session_start(): Session cannot be started after headers have already been sent (sent from /data/data/com.termux/files/home/userRegistration/includes/config.inc.php on line 30)
An error occurred in script '/data/data/com.termux/files/home/userRegistration/includes/header.html' on line 9: session_start(): Session cannot be started after headers have already been sent (sent from /data/data/com.termux/files/home/userRegistration/includes/config.inc.php on line 30)
An error occurred in script '/data/data/com.termux/files/home/userRegistration/includes/header.html' on line 9: session_start(): Session cannot be started after headers have already been sent (sent from /data/data/com.termux/files/home/userRegistration/includes/config.inc.php on line 30)
An error occurred in script '/data/data/com.termux/files/home/userRegistration/includes/header.html' on line 9: session_start(): Session cannot be started after headers have already been sent (sent from /data/data/com.termux/files/home/userRegistration/includes/config.inc.php on line 30)
An error occurred in script '/data/data/com.termux/files/home/userRegistration/includes/header.html' on line 9: session_start(): Session cannot be started after headers have already been sent (sent from /data/data/com.termux/files/home/userRegistration/includes/config.inc.php on line 30)
An error occurred in script '/data/data/com.termux/files/home/userRegistration/includes/header.html' on line 9: session_start(): Session cannot be started after headers have already been sent (sent from /data/data/com.termux/files/home/userRegistration/includes/config.inc.php on line 30)
An error occurred in script '/data/data/com.termux/files/home/userRegistration/includes/header.html' on line 9: session_start(): Session cannot be started after headers have already been sent (sent from /data/data/com.termux/files/home/userRegistration/includes/config.inc.php on line 30)
An error occurred in script '/data/data/com.termux/files/home/userRegistration/includes/header.html' on line 9: session_start(): Session cannot be started after headers have already been sent (sent from /data/data/com.termux/files/home/userRegistration/includes/config.inc.php on line 30)
An error occurred in script '/data/data/com.termux/files/home/userRegistration/includes/header.html' on line 9: session_start(): Session cannot be started after headers have already been sent (sent from /data/data/com.termux/files/home/userRegistration/includes/config.inc.php on line 30)
An error occurred in script '/data/data/com.termux/files/home/userRegistration/includes/header.html' on line 9: session_start(): Session cannot be started after headers have already been sent (sent from /data/data/com.termux/files/home/userRegistration/includes/config.inc.php on line 30)
An error occurred in script '/data/data/com.termux/files/home/userRegistration/includes/header.html' on line 9: session_start(): Session cannot be started after headers have already been sent (sent from /data/data/com.termux/files/home/userRegistration/includes/config.inc.php on line 30)
An error occurred in script '/data/data/com.termux/files/home/userRegistration/includes/header.html' on line 9: session_start(): Session cannot be started after headers have already been sent (sent from /data/data/com.termux/files/home/userRegistration/includes/config.inc.php on line 30)
An error occurred in script '/data/data/com.termux/files/home/userRegistration/includes/header.html' on line 9: session_start(): Session cannot be started after headers have already been sent (sent from /data/data/com.termux/files/home/userRegistration/includes/config.inc.php on line 30)
An error occurred in script '/data/data/com.termux/files/home/userRegistration/includes/header.html' on line 9: session_start(): Session cannot be started after headers have already been sent (sent from /data/data/com.termux/files/home/userRegistration/includes/config.inc.php on line 30)
An error occurred in script '/data/data/com.termux/files/home/userRegistration/includes/header.html' on line 9: session_start(): Session cannot be started after headers have already been sent (sent from /data/data/com.termux/files/home/userRegistration/includes/config.inc.php on line 30)
An error occurred in script '/data/data/com.termux/files/home/userRegistration/includes/header.html' on line 9: session_start(): Session cannot be started after headers have already been sent (sent from /data/data/com.termux/files/home/userRegistration/includes/config.inc.php on line 30)
An error occurred in script '/data/data/com.termux/files/home/userRegistration/includes/header.html' on line 9: session_start(): Session cannot be started after headers have already been sent (sent from /data/data/com.termux/files/home/userRegistration/includes/config.inc.php on line 30)
An error occurred in script '/data/data/com.termux/files/home/userRegistration/includes/header.html' on line 9: session_start(): Session cannot be started after headers have already been sent (sent from /data/data/com.termux/files/home/userRegistration/includes/config.inc.php on line 30)
An error occurred in script '/data/data/com.termux/files/home/userRegistration/includes/header.html' on line 9: session_start(): Session cannot be started after headers have already been sent (sent from /data/data/com.termux/files/home/userRegistration/includes/config.inc.php on line 30)
An error occurred in script '/data/data/com.termux/files/home/userRegistration/includes/header.html' on line 9: session_start(): Session cannot be started after headers have already been sent (sent from /data/data/com.termux/files/home/userRegistration/includes/config.inc.php on line 30)
An error occurred in script '/data/data/com.termux/files/home/userRegistration/includes/header.html' on line 9: session_start(): Session cannot be started after headers have already been sent (sent from /data/data/com.termux/files/home/userRegistration/includes/config.inc.php on line 30)
An error occurred in script '/data/data/com.termux/files/home/userRegistration/includes/header.html' on line 9: session_start(): Session cannot be started after headers have already been sent (sent from /data/data/com.termux/files/home/userRegistration/includes/config.inc.php on line 30)
An error occurred in script '/data/data/com.termux/files/home/userRegistration/includes/header.html' on line 9: session_start(): Session cannot be started after headers have already been sent (sent from /data/data/com.termux/files/home/userRegistration/includes/config.inc.php on line 30)
An error occurred in script '/data/data/com.termux/files/home/userRegistration/includes/header.html' on line 9: session_start(): Session cannot be started after headers have already been sent (sent from /data/data/com.termux/files/home/userRegistration/includes/config.inc.php on line 30)
An error occurred in script '/data/data/com.termux/files/home/userRegistration/includes/header.html' on line 9: session_start(): Session cannot be started after headers have already been sent (sent from /data/data/com.termux/files/home/userRegistration/includes/config.inc.php on line 30)
An error occurred in script '/data/data/com.termux/files/home/userRegistration/includes/header.html' on line 9: session_start(): Session cannot be started after headers have already been sent (sent from /data/data/com.termux/files/home/userRegistration/includes/config.inc.php on line 30)
An error occurred in script '/data/data/com.termux/files/home/userRegistration/includes/header.html' on line 9: session_start(): Session cannot be started after headers have already been sent (sent from /data/data/com.termux/files/home/userRegistration/includes/config.inc.php on line 30)
An error occurred in script '/data/data/com.termux/files/home/userRegistration/includes/header.html' on line 9: session_start(): Session cannot be started after headers have already been sent (sent from /data/data/com.termux/files/home/userRegistration/includes/config.inc.php on line 30)
An error occurred in script '/data/data/com.termux/files/home/userRegistration/includes/header.html' on line 9: session_start(): Session cannot be started after headers have already been sent (sent from /data/data/com.termux/files/home/userRegistration/includes/config.inc.php on line 30)
An error occurred in script '/data/data/com.termux/files/home/userRegistration/includes/header.html' on line 9: session_start(): Session cannot be started after headers have already been sent (sent from /data/data/com.termux/files/home/userRegistration/includes/config.inc.php on line 30)
An error occurred in script '/data/data/com.termux/files/home/userRegistration/includes/header.html' on line 9: session_start(): Session cannot be started after headers have already been sent (sent from /data/data/com.termux/files/home/userRegistration/includes/config.inc.php on line 30)
An error occurred in script '/data/data/com.termux/files/home/userRegistration/includes/header.html' on line 9: session_start(): Session cannot be started after headers have already been sent (sent from /data/data/com.termux/files/home/userRegistration/includes/config.inc.php on line 30)
An error occurred in script '/data/data/com.termux/files/home/userRegistration/includes/header.html' on line 9: session_start(): Session cannot be started after headers have already been sent (sent from /data/data/com.termux/files/home/userRegistration/includes/config.inc.php on line 30)
An error occurred in script '/data/data/com.termux/files/home/userRegistration/includes/header.html' on line 9: session_start(): Session cannot be started after headers have already been sent (sent from /data/data/com.termux/files/home/userRegistration/includes/config.inc.php on line 30)
An error occurred in script '/data/data/com.termux/files/home/userRegistration/includes/header.html' on line 9: session_start(): Session cannot be started after headers have already been sent (sent from /data/data/com.termux/files/home/userRegistration/includes/config.inc.php on line 30)
An error occurred in script '/data/data/com.termux/files/home/userRegistration/includes/header.html' on line 9: session_start(): Session cannot be started after headers have already been sent (sent from /data/data/com.termux/files/home/userRegistration/includes/config.inc.php on line 30)
An error occurred in script '/data/data/com.termux/files/home/userRegistration/forgot_password.php' on line 48: mail(): Sendmail exited with non-zero exit code 127
An error occurred in script '/data/data/com.termux/files/home/userRegistration/includes/header.html' on line 9: session_start(): Session cannot be started after headers have already been sent (sent from /data/data/com.termux/files/home/userRegistration/includes/config.inc.php on line 30)
An error occurred in script '/data/data/com.termux/files/home/userRegistration/includes/header.html' on line 9: session_start(): Session cannot be started after headers have already been sent (sent from /data/data/com.termux/files/home/userRegistration/includes/config.inc.php on line 30)
An error occurred in script '/data/data/com.termux/files/home/userRegistration/includes/header.html' on line 9: session_start(): Session cannot be started after headers have already been sent (sent from /data/data/com.termux/files/home/userRegistration/includes/config.inc.php on line 30)
An error occurred in script '/data/data/com.termux/files/home/userRegistration/includes/header.html' on line 9: session_start(): Session cannot be started after headers have already been sent (sent from /data/data/com.termux/files/home/userRegistration/includes/config.inc.php on line 30)
An error occurred in script '/data/data/com.termux/files/home/userRegistration/includes/header.html' on line 9: session_start(): Session cannot be started after headers have already been sent (sent from /data/data/com.termux/files/home/userRegistration/includes/config.inc.php on line 30)
An error occurred in script '/data/data/com.termux/files/home/userRegistration/includes/header.html' on line 9: session_start(): Session cannot be started after headers have already been sent (sent from /data/data/com.termux/files/home/userRegistration/includes/config.inc.php on line 30)
An error occurred in script '/data/data/com.termux/files/home/userRegistration/includes/header.html' on line 9: session_start(): Session cannot be started after headers have already been sent (sent from /data/data/com.termux/files/home/userRegistration/includes/config.inc.php on line 30)
An error occurred in script '/data/data/com.termux/files/home/userRegistration/includes/header.html' on line 9: session_start(): Session cannot be started after headers have already been sent (sent from /data/data/com.termux/files/home/userRegistration/includes/config.inc.php on line 30)
